In file included from ../header/figure.h:3,
                 from lab3.cpp:1:
../header/point.h:9:23: error: ‘integral’ is not a member of ‘std’; did you mean ‘internal’?
    9 | concept Number = std::integral<T> || std::floating_point<T>;
      |                       ^~~~~~~~
      |                       internal
../header/point.h:9:33: error: expected primary-expression before ‘>’ token
    9 | concept Number = std::integral<T> || std::floating_point<T>;
      |                                 ^
../header/point.h:9:35: error: expected primary-expression before ‘||’ token
    9 | concept Number = std::integral<T> || std::floating_point<T>;
      |                                   ^~
../header/point.h:9:43: error: ‘floating_point’ is not a member of ‘std’; did you mean ‘is_floating_point’?
    9 | concept Number = std::integral<T> || std::floating_point<T>;
      |                                           ^~~~~~~~~~~~~~
      |                                           is_floating_point
../header/point.h:9:59: error: expected primary-expression before ‘>’ token
    9 | concept Number = std::integral<T> || std::floating_point<T>;
      |                                                           ^
../header/point.h:9:60: error: expected primary-expression before ‘;’ token
    9 | concept Number = std::integral<T> || std::floating_point<T>;
      |                                                            ^
../header/point.h:18:67: warning: friend declaration ‘std::istream& operator>>(std::istream&, point<X, Y>&)’ declares a non-template function [-Wnon-template-friend]
   18 |     friend std::istream& operator>>(std::istream& in, point& point);
      |                                                                   ^
../header/point.h:18:67: note: (if this is not what you intended, make sure the function template has already been declared and add ‘<>’ after the function name here)
../header/point.h:19:74: warning: friend declaration ‘std::ostream& operator<<(std::ostream&, const point<X, Y>&)’ declares a non-template function [-Wnon-template-friend]
   19 |     friend std::ostream& operator<<(std::ostream& out, const point& point);
      |                                                                          ^
In file included from ../header/figure.h:34,
                 from lab3.cpp:1:
../header/figure.hpp: In member function ‘virtual point<X, Y> Figure<X, Y>::findCenter() const’:
../header/figure.hpp:11:33: error: class template argument deduction failed:
   11 |         point center = {0.0, 0.0};
      |                                 ^
../header/figure.hpp:11:33: error: no matching function for call to ‘point(double, double)’
In file included from ../header/figure.h:3,
                 from lab3.cpp:1:
../header/point.h:17:5: note: candidate: ‘template<class X, class Y> point(const X&, const Y&)-> point<X, Y>’
   17 |     point(const X& x, const Y& y) : x(x), y(y) {}
      |     ^~~~~
../header/point.h:17:5: note:   template argument deduction/substitution failed:
../header/point.h: In substitution of ‘template<class X, class Y> point(const X&, const Y&)-> point<X, Y> [with X = double; Y = double]’:
../header/figure.hpp:11:33:   required from here
../header/point.h:17:5: error: template constraint failure for ‘template<class X, class Y>  requires (Number<X>) && (Number<Y>) class point’
../header/point.h:17:5: note: constraints not satisfied
../header/point.h:16:5: note: candidate: ‘template<class X, class Y> point()-> point<X, Y>’
   16 |     point() = default;
      |     ^~~~~
../header/point.h:16:5: note:   template argument deduction/substitution failed:
In file included from ../header/figure.h:34,
                 from lab3.cpp:1:
../header/figure.hpp:11:33: note:   candidate expects 0 arguments, 2 provided
   11 |         point center = {0.0, 0.0};
      |                                 ^
In file included from ../header/figure.h:3,
                 from lab3.cpp:1:
../header/point.h:12:7: note: candidate: ‘template<class X, class Y> point(point<X, Y>)-> point<X, Y>’
   12 | class point {
      |       ^~~~~
../header/point.h:12:7: note:   template argument deduction/substitution failed:
In file included from ../header/figure.h:34,
                 from lab3.cpp:1:
../header/figure.hpp:11:33: note:   mismatched types ‘point<X, Y>’ and ‘double’
   11 |         point center = {0.0, 0.0};
      |                                 ^
In file included from lab3.cpp:2:
../header/figure_arr.h: At global scope:
../header/figure_arr.h:25:88: warning: friend declaration ‘std::ostream& operator<<(std::ostream&, const figureArray<X, Y>&)’ declares a non-template function [-Wnon-template-friend]
   25 |     friend std::ostream& operator<<(std::ostream &stream, const figureArray&  collection);
      |                                                                                        ^
lab3.cpp: In function ‘int main()’:
lab3.cpp:9:31: error: template constraint failure for ‘template<class X, class Y>  requires (Number<X>) && (Number<Y>) class figureArray’
    9 |     figureArray<double, double> arr;
      |                               ^
lab3.cpp:9:31: note: constraints not satisfied
lab3.cpp:10:38: error: template constraint failure for ‘template<class X, class Y>  requires (Number<X>) && (Number<Y>) class Triangle’
   10 |     std::shared_ptr<Triangle<double, double>> figure1 = std::make_shared<Triangle<double, double>>();
      |                                      ^~~~~~
lab3.cpp:10:38: note: constraints not satisfied
lab3.cpp:10:44: error: template argument 1 is invalid
   10 |     std::shared_ptr<Triangle<double, double>> figure1 = std::make_shared<Triangle<double, double>>();
      |                                            ^~
lab3.cpp:10:91: error: template constraint failure for ‘template<class X, class Y>  requires (Number<X>) && (Number<Y>) class Triangle’
   10 |     std::shared_ptr<Triangle<double, double>> figure1 = std::make_shared<Triangle<double, double>>();
      |                                                                                           ^~~~~~
lab3.cpp:10:91: note: constraints not satisfied
lab3.cpp:10:99: error: no matching function for call to ‘make_shared<<expression error> >()’
   10 |     std::shared_ptr<Triangle<double, double>> figure1 = std::make_shared<Triangle<double, double>>();
      |                                                         ~~~~~~~~~~~~~~~~~~~~~~~~~~~~~~~~~~~~~~~~~~^~
In file included from /usr/include/c++/11/memory:77,
                 from ../header/point.h:6,
                 from ../header/figure.h:3,
                 from lab3.cpp:1:
/usr/include/c++/11/bits/shared_ptr.h:875:5: note: candidate: ‘template<class _Tp, class ... _Args> std::shared_ptr<_Tp> std::make_shared(_Args&& ...)’
  875 |     make_shared(_Args&&... __args)
      |     ^~~~~~~~~~~
/usr/include/c++/11/bits/shared_ptr.h:875:5: note:   template argument deduction/substitution failed:
lab3.cpp:10:99: error: template argument 1 is invalid
   10 |     std::shared_ptr<Triangle<double, double>> figure1 = std::make_shared<Triangle<double, double>>();
      |                                                         ~~~~~~~~~~~~~~~~~~~~~~~~~~~~~~~~~~~~~~~~~~^~
lab3.cpp:11:38: error: template constraint failure for ‘template<class X, class Y>  requires (Number<X>) && (Number<Y>) class Rectangle’
   11 |     std::shared_ptr<Rectangle<double,double>> figure2 = std::make_shared<Rectangle<double, double>>();
      |                                      ^~~~~~
lab3.cpp:11:38: note: constraints not satisfied
lab3.cpp:11:44: error: template argument 1 is invalid
   11 |     std::shared_ptr<Rectangle<double,double>> figure2 = std::make_shared<Rectangle<double, double>>();
      |                                            ^~
lab3.cpp:11:92: error: template constraint failure for ‘template<class X, class Y>  requires (Number<X>) && (Number<Y>) class Rectangle’
   11 |     std::shared_ptr<Rectangle<double,double>> figure2 = std::make_shared<Rectangle<double, double>>();
      |                                                                                            ^~~~~~
lab3.cpp:11:92: note: constraints not satisfied
lab3.cpp:11:100: error: no matching function for call to ‘make_shared<<expression error> >()’
   11 |     std::shared_ptr<Rectangle<double,double>> figure2 = std::make_shared<Rectangle<double, double>>();
      |                                                         ~~~~~~~~~~~~~~~~~~~~~~~~~~~~~~~~~~~~~~~~~~~^~
In file included from /usr/include/c++/11/memory:77,
                 from ../header/point.h:6,
                 from ../header/figure.h:3,
                 from lab3.cpp:1:
/usr/include/c++/11/bits/shared_ptr.h:875:5: note: candidate: ‘template<class _Tp, class ... _Args> std::shared_ptr<_Tp> std::make_shared(_Args&& ...)’
  875 |     make_shared(_Args&&... __args)
      |     ^~~~~~~~~~~
/usr/include/c++/11/bits/shared_ptr.h:875:5: note:   template argument deduction/substitution failed:
lab3.cpp:11:100: error: template argument 1 is invalid
   11 |     std::shared_ptr<Rectangle<double,double>> figure2 = std::make_shared<Rectangle<double, double>>();
      |                                                         ~~~~~~~~~~~~~~~~~~~~~~~~~~~~~~~~~~~~~~~~~~~^~
lab3.cpp:12:35: error: template constraint failure for ‘template<class X, class Y>  requires (Number<X>) && (Number<Y>) class Square’
   12 |     std::shared_ptr<Square<double,double>> figure3 = std::make_shared<Square<double, double>>();
      |                                   ^~~~~~
lab3.cpp:12:35: note: constraints not satisfied
lab3.cpp:12:41: error: template argument 1 is invalid
   12 |     std::shared_ptr<Square<double,double>> figure3 = std::make_shared<Square<double, double>>();
      |                                         ^~
lab3.cpp:12:86: error: template constraint failure for ‘template<class X, class Y>  requires (Number<X>) && (Number<Y>) class Square’
   12 |     std::shared_ptr<Square<double,double>> figure3 = std::make_shared<Square<double, double>>();
      |                                                                                      ^~~~~~
lab3.cpp:12:86: note: constraints not satisfied
lab3.cpp:12:94: error: no matching function for call to ‘make_shared<<expression error> >()’
   12 |     std::shared_ptr<Square<double,double>> figure3 = std::make_shared<Square<double, double>>();
      |                                                      ~~~~~~~~~~~~~~~~~~~~~~~~~~~~~~~~~~~~~~~~^~
In file included from /usr/include/c++/11/memory:77,
                 from ../header/point.h:6,
                 from ../header/figure.h:3,
                 from lab3.cpp:1:
/usr/include/c++/11/bits/shared_ptr.h:875:5: note: candidate: ‘template<class _Tp, class ... _Args> std::shared_ptr<_Tp> std::make_shared(_Args&& ...)’
  875 |     make_shared(_Args&&... __args)
      |     ^~~~~~~~~~~
/usr/include/c++/11/bits/shared_ptr.h:875:5: note:   template argument deduction/substitution failed:
lab3.cpp:12:94: error: template argument 1 is invalid
   12 |     std::shared_ptr<Square<double,double>> figure3 = std::make_shared<Square<double, double>>();
      |                                                      ~~~~~~~~~~~~~~~~~~~~~~~~~~~~~~~~~~~~~~~~^~
lab3.cpp:13:17: error: invalid type argument of unary ‘*’ (have ‘int’)
   13 |     std::cin >> *figure1 >> *figure2 >> *figure3;
      |                 ^~~~~~~~
lab3.cpp:13:29: error: invalid type argument of unary ‘*’ (have ‘int’)
   13 |     std::cin >> *figure1 >> *figure2 >> *figure3;
      |                             ^~~~~~~~
lab3.cpp:13:41: error: invalid type argument of unary ‘*’ (have ‘int’)
   13 |     std::cin >> *figure1 >> *figure2 >> *figure3;
      |                                         ^~~~~~~~
lab3.cpp:14:9: error: request for member ‘pushBack’ in ‘arr’, which is of non-class type ‘int’
   14 |     arr.pushBack(figure1);
      |         ^~~~~~~~
lab3.cpp:15:9: error: request for member ‘pushBack’ in ‘arr’, which is of non-class type ‘int’
   15 |     arr.pushBack(figure2);
      |         ^~~~~~~~
lab3.cpp:16:9: error: request for member ‘pushBack’ in ‘arr’, which is of non-class type ‘int’
   16 |     arr.pushBack(figure3);
      |         ^~~~~~~~
lab3.cpp:17:9: error: request for member ‘findAllAreas’ in ‘arr’, which is of non-class type ‘int’
   17 |     arr.findAllAreas();
      |         ^~~~~~~~~~~~
lab3.cpp:18:9: error: request for member ‘findAllCenters’ in ‘arr’, which is of non-class type ‘int’
   18 |     arr.findAllCenters();
      |         ^~~~~~~~~~~~~~
